# JRE version: OpenJDK Runtime Environment (8.0_212-b04) (build 1.8.0_212-release-1586-b04)
# Java VM: OpenJDK 64-Bit Server VM (25.212-b04 mixed mode windows-amd64 compressed oops)
Heap:
 PSYoungGen      total 412160K, used 216398K [0x00000000e0000000, 0x00000000fbd80000, 0x0000000100000000)
  eden space 368128K, 46% used [0x00000000e0000000,0x00000000ea8598c8,0x00000000f6780000)
  from space 44032K, 99% used [0x00000000f6780000,0x00000000f927a060,0x00000000f9280000)
  to   space 28672K, 0% used [0x00000000f9e80000,0x00000000f9e80000,0x00000000fba80000)
 ParOldGen       total 210944K, used 103112K [0x00000000a0000000, 0x00000000ace00000, 0x00000000e0000000)
  object space 210944K, 48% used [0x00000000a0000000,0x00000000a64b2268,0x00000000ace00000)
 Metaspace       used 74500K, capacity 82392K, committed 82560K, reserved 1120256K
  class space    used 10149K, capacity 12159K, committed 12160K, reserved 1048576K
GC Heap History (10 events):
Event: 6.878 GC heap before
{Heap before GC invocations=8 (full 2):
 PSYoungGen      total 206848K, used 190464K [0x00000000e0000000, 0x00000000f3500000, 0x0000000100000000)
  eden space 190464K, 100% used [0x00000000e0000000,0x00000000eba00000,0x00000000eba00000)
  from space 16384K, 0% used [0x00000000eba00000,0x00000000eba00000,0x00000000eca00000)
  to   space 14336K, 0% used [0x00000000f2700000,0x00000000f2700000,0x00000000f3500000)
 ParOldGen       total 210944K, used 17836K [0x00000000a0000000, 0x00000000ace00000, 0x00000000e0000000)
  object space 210944K, 8% used [0x00000000a0000000,0x00000000a116b1c8,0x00000000ace00000)
 Metaspace       used 47741K, capacity 49298K, committed 49536K, reserved 1091584K
  class space    used 6348K, capacity 6695K, committed 6784K, reserved 1048576K
Event: 6.902 GC heap after
Heap after GC invocations=8 (full 2):
 PSYoungGen      total 289280K, used 14316K [0x00000000e0000000, 0x00000000f3500000, 0x0000000100000000)
  eden space 274944K, 0% used [0x00000000e0000000,0x00000000e0000000,0x00000000f0c80000)
  from space 14336K, 99% used [0x00000000f2700000,0x00000000f34fb1a0,0x00000000f3500000)
  to   space 19456K, 0% used [0x00000000f0f00000,0x00000000f0f00000,0x00000000f2200000)
 ParOldGen       total 210944K, used 24721K [0x00000000a0000000, 0x00000000ace00000, 0x00000000e0000000)
  object space 210944K, 11% used [0x00000000a0000000,0x00000000a1824670,0x00000000ace00000)
 Metaspace       used 47741K, capacity 49298K, committed 49536K, reserved 1091584K
  class space    used 6348K, capacity 6695K, committed 6784K, reserved 1048576K
}
Event: 8.086 GC heap before
{Heap before GC invocations=9 (full 2):
 PSYoungGen      total 289280K, used 140486K [0x00000000e0000000, 0x00000000f3500000, 0x0000000100000000)
  eden space 274944K, 45% used [0x00000000e0000000,0x00000000e7b36768,0x00000000f0c80000)
  from space 14336K, 99% used [0x00000000f2700000,0x00000000f34fb1a0,0x00000000f3500000)
  to   space 19456K, 0% used [0x00000000f0f00000,0x00000000f0f00000,0x00000000f2200000)
 ParOldGen       total 210944K, used 24721K [0x00000000a0000000, 0x00000000ace00000, 0x00000000e0000000)
  object space 210944K, 11% used [0x00000000a0000000,0x00000000a1824670,0x00000000ace00000)
 Metaspace       used 56286K, capacity 59126K, committed 59160K, reserved 1099776K
  class space    used 7556K, capacity 8305K, committed 8320K, reserved 1048576K
Event: 8.108 GC heap after
Heap after GC invocations=9 (full 2):
 PSYoungGen      total 296960K, used 19440K [0x00000000e0000000, 0x00000000fba80000, 0x0000000100000000)
  eden space 277504K, 0% used [0x00000000e0000000,0x00000000e0000000,0x00000000f0f00000)
  from space 19456K, 99% used [0x00000000f0f00000,0x00000000f21fc050,0x00000000f2200000)
  to   space 28672K, 0% used [0x00000000f9e80000,0x00000000f9e80000,0x00000000fba80000)
 ParOldGen       total 210944K, used 37631K [0x00000000a0000000, 0x00000000ace00000, 0x00000000e0000000)
  object space 210944K, 17% used [0x00000000a0000000,0x00000000a24bfc80,0x00000000ace00000)
 Metaspace       used 56286K, capacity 59126K, committed 59160K, reserved 1099776K
  class space    used 7556K, capacity 8305K, committed 8320K, reserved 1048576K
}
Event: 8.108 GC heap before
{Heap before GC invocations=10 (full 3):
 PSYoungGen      total 296960K, used 19440K [0x00000000e0000000, 0x00000000fba80000, 0x0000000100000000)
  eden space 277504K, 0% used [0x00000000e0000000,0x00000000e0000000,0x00000000f0f00000)
  from space 19456K, 99% used [0x00000000f0f00000,0x00000000f21fc050,0x00000000f2200000)
  to   space 28672K, 0% used [0x00000000f9e80000,0x00000000f9e80000,0x00000000fba80000)
 ParOldGen       total 210944K, used 37631K [0x00000000a0000000, 0x00000000ace00000, 0x00000000e0000000)
  object space 210944K, 17% used [0x00000000a0000000,0x00000000a24bfc80,0x00000000ace00000)
 Metaspace       used 56286K, capacity 59126K, committed 59160K, reserved 1099776K
  class space    used 7556K, capacity 8305K, committed 8320K, reserved 1048576K
Event: 8.300 GC heap after
Heap after GC invocations=10 (full 3):
 PSYoungGen      total 296960K, used 0K [0x00000000e0000000, 0x00000000fba80000, 0x0000000100000000)
  eden space 277504K, 0% used [0x00000000e0000000,0x00000000e0000000,0x00000000f0f00000)
  from space 19456K, 0% used [0x00000000f0f00000,0x00000000f0f00000,0x00000000f2200000)
  to   space 28672K, 0% used [0x00000000f9e80000,0x00000000f9e80000,0x00000000fba80000)
 ParOldGen       total 210944K, used 46358K [0x00000000a0000000, 0x00000000ace00000, 0x00000000e0000000)
  object space 210944K, 21% used [0x00000000a0000000,0x00000000a2d45b10,0x00000000ace00000)
 Metaspace       used 56274K, capacity 59096K, committed 59160K, reserved 1099776K
  class space    used 7553K, capacity 8299K, committed 8320K, reserved 1048576K
}
Event: 10.669 GC heap before
{Heap before GC invocations=11 (full 3):
 PSYoungGen      total 296960K, used 277504K [0x00000000e0000000, 0x00000000fba80000, 0x0000000100000000)
  eden space 277504K, 100% used [0x00000000e0000000,0x00000000f0f00000,0x00000000f0f00000)
  from space 19456K, 0% used [0x00000000f0f00000,0x00000000f0f00000,0x00000000f2200000)
  to   space 28672K, 0% used [0x00000000f9e80000,0x00000000f9e80000,0x00000000fba80000)
 ParOldGen       total 210944K, used 46358K [0x00000000a0000000, 0x00000000ace00000, 0x00000000e0000000)
  object space 210944K, 21% used [0x00000000a0000000,0x00000000a2d45b10,0x00000000ace00000)
 Metaspace       used 63369K, capacity 69914K, committed 70016K, reserved 1107968K
  class space    used 8727K, capacity 10552K, committed 10624K, reserved 1048576K
Event: 10.712 GC heap after
Heap after GC invocations=11 (full 3):
 PSYoungGen      total 396800K, used 28648K [0x00000000e0000000, 0x00000000fbd80000, 0x0000000100000000)
  eden space 368128K, 0% used [0x00000000e0000000,0x00000000e0000000,0x00000000f6780000)
  from space 28672K, 99% used [0x00000000f9e80000,0x00000000fba7a030,0x00000000fba80000)
  to   space 44032K, 0% used [0x00000000f6780000,0x00000000f6780000,0x00000000f9280000)
 ParOldGen       total 210944K, used 72026K [0x00000000a0000000, 0x00000000ace00000, 0x00000000e0000000)
  object space 210944K, 34% used [0x00000000a0000000,0x00000000a4656b80,0x00000000ace00000)
 Metaspace       used 63369K, capacity 69914K, committed 70016K, reserved 1107968K
  class space    used 8727K, capacity 10552K, committed 10624K, reserved 1048576K
}
Event: 13.217 GC heap before
{Heap before GC invocations=12 (full 3):
 PSYoungGen      total 396800K, used 396776K [0x00000000e0000000, 0x00000000fbd80000, 0x0000000100000000)
  eden space 368128K, 100% used [0x00000000e0000000,0x00000000f6780000,0x00000000f6780000)
  from space 28672K, 99% used [0x00000000f9e80000,0x00000000fba7a030,0x00000000fba80000)
  to   space 44032K, 0% used [0x00000000f6780000,0x00000000f6780000,0x00000000f9280000)
 ParOldGen       total 210944K, used 72026K [0x00000000a0000000, 0x00000000ace00000, 0x00000000e0000000)
  object space 210944K, 34% used [0x00000000a0000000,0x00000000a4656b80,0x00000000ace00000)
 Metaspace       used 73974K, capacity 81852K, committed 82048K, reserved 1120256K
  class space    used 10122K, capacity 12135K, committed 12160K, reserved 1048576K
Event: 13.305 GC heap after
Heap after GC invocations=12 (full 3):
 PSYoungGen      total 412160K, used 44008K [0x00000000e0000000, 0x00000000fbd80000, 0x0000000100000000)
  eden space 368128K, 0% used [0x00000000e0000000,0x00000000e0000000,0x00000000f6780000)
  from space 44032K, 99% used [0x00000000f6780000,0x00000000f927a060,0x00000000f9280000)
  to   space 28672K, 0% used [0x00000000f9e80000,0x00000000f9e80000,0x00000000fba80000)
 ParOldGen       total 210944K, used 103112K [0x00000000a0000000, 0x00000000ace00000, 0x00000000e0000000)
  object space 210944K, 48% used [0x00000000a0000000,0x00000000a64b2268,0x00000000ace00000)
 Metaspace       used 73974K, capacity 81852K, committed 82048K, reserved 1120256K
  class space    used 10122K, capacity 12135K, committed 12160K, reserved 1048576K
}

