# JRE version: OpenJDK Runtime Environment (8.0_212-b04) (build 1.8.0_212-release-1586-b04)
# Java VM: OpenJDK 64-Bit Server VM (25.212-b04 mixed mode windows-amd64 compressed oops)
Heap:
 PSYoungGen      total 401408K, used 115757K [0x00000000e0000000, 0x00000000fc500000, 0x0000000100000000)
  eden space 372224K, 23% used [0x00000000e0000000,0x00000000e5493640,0x00000000f6b80000)
  from space 29184K, 99% used [0x00000000fa880000,0x00000000fc4f8030,0x00000000fc500000)
  to   space 44544K, 0% used [0x00000000f6e00000,0x00000000f6e00000,0x00000000f9980000)
 ParOldGen       total 207872K, used 149007K [0x00000000a0000000, 0x00000000acb00000, 0x00000000e0000000)
  object space 207872K, 71% used [0x00000000a0000000,0x00000000a9183d28,0x00000000acb00000)
 Metaspace       used 75346K, capacity 83074K, committed 83200K, reserved 1120256K
  class space    used 10204K, capacity 12211K, committed 12288K, reserved 1048576K
GC Heap History (10 events):
Event: 9.087 GC heap before
{Heap before GC invocations=9 (full 2):
 PSYoungGen      total 290304K, used 144083K [0x00000000e0000000, 0x00000000f3680000, 0x0000000100000000)
  eden space 275968K, 47% used [0x00000000e0000000,0x00000000e7ebb5e8,0x00000000f0d80000)
  from space 14336K, 99% used [0x00000000f2880000,0x00000000f36799a8,0x00000000f3680000)
  to   space 19456K, 0% used [0x00000000f1080000,0x00000000f1080000,0x00000000f2380000)
 ParOldGen       total 207872K, used 24674K [0x00000000a0000000, 0x00000000acb00000, 0x00000000e0000000)
  object space 207872K, 11% used [0x00000000a0000000,0x00000000a1818950,0x00000000acb00000)
 Metaspace       used 56294K, capacity 59132K, committed 59160K, reserved 1099776K
  class space    used 7551K, capacity 8307K, committed 8320K, reserved 1048576K
Event: 9.117 GC heap after
Heap after GC invocations=9 (full 2):
 PSYoungGen      total 298496K, used 19424K [0x00000000e0000000, 0x00000000fc500000, 0x0000000100000000)
  eden space 279040K, 0% used [0x00000000e0000000,0x00000000e0000000,0x00000000f1080000)
  from space 19456K, 99% used [0x00000000f1080000,0x00000000f2378030,0x00000000f2380000)
  to   space 29184K, 0% used [0x00000000fa880000,0x00000000fa880000,0x00000000fc500000)
 ParOldGen       total 207872K, used 38230K [0x00000000a0000000, 0x00000000acb00000, 0x00000000e0000000)
  object space 207872K, 18% used [0x00000000a0000000,0x00000000a25558d0,0x00000000acb00000)
 Metaspace       used 56294K, capacity 59132K, committed 59160K, reserved 1099776K
  class space    used 7551K, capacity 8307K, committed 8320K, reserved 1048576K
}
Event: 9.118 GC heap before
{Heap before GC invocations=10 (full 3):
 PSYoungGen      total 298496K, used 19424K [0x00000000e0000000, 0x00000000fc500000, 0x0000000100000000)
  eden space 279040K, 0% used [0x00000000e0000000,0x00000000e0000000,0x00000000f1080000)
  from space 19456K, 99% used [0x00000000f1080000,0x00000000f2378030,0x00000000f2380000)
  to   space 29184K, 0% used [0x00000000fa880000,0x00000000fa880000,0x00000000fc500000)
 ParOldGen       total 207872K, used 38230K [0x00000000a0000000, 0x00000000acb00000, 0x00000000e0000000)
  object space 207872K, 18% used [0x00000000a0000000,0x00000000a25558d0,0x00000000acb00000)
 Metaspace       used 56294K, capacity 59132K, committed 59160K, reserved 1099776K
  class space    used 7551K, capacity 8307K, committed 8320K, reserved 1048576K
Event: 9.310 GC heap after
Heap after GC invocations=10 (full 3):
 PSYoungGen      total 298496K, used 0K [0x00000000e0000000, 0x00000000fc500000, 0x0000000100000000)
  eden space 279040K, 0% used [0x00000000e0000000,0x00000000e0000000,0x00000000f1080000)
  from space 19456K, 0% used [0x00000000f1080000,0x00000000f1080000,0x00000000f2380000)
  to   space 29184K, 0% used [0x00000000fa880000,0x00000000fa880000,0x00000000fc500000)
 ParOldGen       total 207872K, used 46972K [0x00000000a0000000, 0x00000000acb00000, 0x00000000e0000000)
  object space 207872K, 22% used [0x00000000a0000000,0x00000000a2ddf090,0x00000000acb00000)
 Metaspace       used 56282K, capacity 59102K, committed 59160K, reserved 1099776K
  class space    used 7547K, capacity 8301K, committed 8320K, reserved 1048576K
}
Event: 12.632 GC heap before
{Heap before GC invocations=11 (full 3):
 PSYoungGen      total 298496K, used 279040K [0x00000000e0000000, 0x00000000fc500000, 0x0000000100000000)
  eden space 279040K, 100% used [0x00000000e0000000,0x00000000f1080000,0x00000000f1080000)
  from space 19456K, 0% used [0x00000000f1080000,0x00000000f1080000,0x00000000f2380000)
  to   space 29184K, 0% used [0x00000000fa880000,0x00000000fa880000,0x00000000fc500000)
 ParOldGen       total 207872K, used 46972K [0x00000000a0000000, 0x00000000acb00000, 0x00000000e0000000)
  object space 207872K, 22% used [0x00000000a0000000,0x00000000a2ddf090,0x00000000acb00000)
 Metaspace       used 63279K, capacity 69698K, committed 70016K, reserved 1107968K
  class space    used 8709K, capacity 10544K, committed 10624K, reserved 1048576K
Event: 12.680 GC heap after
Heap after GC invocations=11 (full 3):
 PSYoungGen      total 401408K, used 29160K [0x00000000e0000000, 0x00000000fc500000, 0x0000000100000000)
  eden space 372224K, 0% used [0x00000000e0000000,0x00000000e0000000,0x00000000f6b80000)
  from space 29184K, 99% used [0x00000000fa880000,0x00000000fc4fa020,0x00000000fc500000)
  to   space 44544K, 0% used [0x00000000f6e00000,0x00000000f6e00000,0x00000000f9980000)
 ParOldGen       total 207872K, used 72499K [0x00000000a0000000, 0x00000000acb00000, 0x00000000e0000000)
  object space 207872K, 34% used [0x00000000a0000000,0x00000000a46ccfc8,0x00000000acb00000)
 Metaspace       used 63279K, capacity 69698K, committed 70016K, reserved 1107968K
  class space    used 8709K, capacity 10544K, committed 10624K, reserved 1048576K
}
Event: 16.138 GC heap before
{Heap before GC invocations=12 (full 3):
 PSYoungGen      total 401408K, used 401384K [0x00000000e0000000, 0x00000000fc500000, 0x0000000100000000)
  eden space 372224K, 100% used [0x00000000e0000000,0x00000000f6b80000,0x00000000f6b80000)
  from space 29184K, 99% used [0x00000000fa880000,0x00000000fc4fa020,0x00000000fc500000)
  to   space 44544K, 0% used [0x00000000f6e00000,0x00000000f6e00000,0x00000000f9980000)
 ParOldGen       total 207872K, used 72499K [0x00000000a0000000, 0x00000000acb00000, 0x00000000e0000000)
  object space 207872K, 34% used [0x00000000a0000000,0x00000000a46ccfc8,0x00000000acb00000)
 Metaspace       used 73886K, capacity 81512K, committed 81792K, reserved 1118208K
  class space    used 10090K, capacity 12037K, committed 12160K, reserved 1048576K
Event: 16.202 GC heap after
Heap after GC invocations=12 (full 3):
 PSYoungGen      total 416768K, used 44520K [0x00000000e0000000, 0x00000000fc500000, 0x0000000100000000)
  eden space 372224K, 0% used [0x00000000e0000000,0x00000000e0000000,0x00000000f6b80000)
  from space 44544K, 99% used [0x00000000f6e00000,0x00000000f997a050,0x00000000f9980000)
  to   space 29184K, 0% used [0x00000000fa880000,0x00000000fa880000,0x00000000fc500000)
 ParOldGen       total 207872K, used 101310K [0x00000000a0000000, 0x00000000acb00000, 0x00000000e0000000)
  object space 207872K, 48% used [0x00000000a0000000,0x00000000a62efaa0,0x00000000acb00000)
 Metaspace       used 73886K, capacity 81512K, committed 81792K, reserved 1118208K
  class space    used 10090K, capacity 12037K, committed 12160K, reserved 1048576K
}
Event: 18.013 GC heap before
{Heap before GC invocations=13 (full 3):
 PSYoungGen      total 416768K, used 416744K [0x00000000e0000000, 0x00000000fc500000, 0x0000000100000000)
  eden space 372224K, 100% used [0x00000000e0000000,0x00000000f6b80000,0x00000000f6b80000)
  from space 44544K, 99% used [0x00000000f6e00000,0x00000000f997a050,0x00000000f9980000)
  to   space 29184K, 0% used [0x00000000fa880000,0x00000000fa880000,0x00000000fc500000)
 ParOldGen       total 207872K, used 101310K [0x00000000a0000000, 0x00000000acb00000, 0x00000000e0000000)
  object space 207872K, 48% used [0x00000000a0000000,0x00000000a62efaa0,0x00000000acb00000)
 Metaspace       used 75272K, capacity 83014K, committed 83200K, reserved 1120256K
  class space    used 10199K, capacity 12201K, committed 12288K, reserved 1048576K
Event: 18.090 GC heap after
Heap after GC invocations=13 (full 3):
 PSYoungGen      total 401408K, used 29152K [0x00000000e0000000, 0x00000000fc500000, 0x0000000100000000)
  eden space 372224K, 0% used [0x00000000e0000000,0x00000000e0000000,0x00000000f6b80000)
  from space 29184K, 99% used [0x00000000fa880000,0x00000000fc4f8030,0x00000000fc500000)
  to   space 44544K, 0% used [0x00000000f6e00000,0x00000000f6e00000,0x00000000f9980000)
 ParOldGen       total 207872K, used 149007K [0x00000000a0000000, 0x00000000acb00000, 0x00000000e0000000)
  object space 207872K, 71% used [0x00000000a0000000,0x00000000a9183d28,0x00000000acb00000)
 Metaspace       used 75272K, capacity 83014K, committed 83200K, reserved 1120256K
  class space    used 10199K, capacity 12201K, committed 12288K, reserved 1048576K
}

