# JRE version: OpenJDK Runtime Environment (8.0_212-b04) (build 1.8.0_212-release-1586-b04)
# Java VM: OpenJDK 64-Bit Server VM (25.212-b04 mixed mode windows-amd64 compressed oops)
Heap:
 PSYoungGen      total 396800K, used 60006K [0x00000000e0000000, 0x00000000fb380000, 0x0000000100000000)
  eden space 351232K, 4% used [0x00000000e0000000,0x00000000e0e1f808,0x00000000f5700000)
  from space 45568K, 99% used [0x00000000f5700000,0x00000000f837a040,0x00000000f8380000)
  to   space 33792K, 0% used [0x00000000f8380000,0x00000000f8380000,0x00000000fa480000)
 ParOldGen       total 221184K, used 99944K [0x00000000a0000000, 0x00000000ad800000, 0x00000000e0000000)
  object space 221184K, 45% used [0x00000000a0000000,0x00000000a619a338,0x00000000ad800000)
 Metaspace       used 71030K, capacity 78586K, committed 78808K, reserved 1116160K
  class space    used 9796K, capacity 11734K, committed 11776K, reserved 1048576K
GC Heap History (10 events):
Event: 7.342 GC heap before
{Heap before GC invocations=8 (full 2):
 PSYoungGen      total 206848K, used 190464K [0x00000000e0000000, 0x00000000f3800000, 0x0000000100000000)
  eden space 190464K, 100% used [0x00000000e0000000,0x00000000eba00000,0x00000000eba00000)
  from space 16384K, 0% used [0x00000000eba00000,0x00000000eba00000,0x00000000eca00000)
  to   space 16384K, 0% used [0x00000000f2800000,0x00000000f2800000,0x00000000f3800000)
 ParOldGen       total 221184K, used 21481K [0x00000000a0000000, 0x00000000ad800000, 0x00000000e0000000)
  object space 221184K, 9% used [0x00000000a0000000,0x00000000a14fa6f0,0x00000000ad800000)
 Metaspace       used 49932K, capacity 51686K, committed 51968K, reserved 1093632K
  class space    used 6685K, capacity 7133K, committed 7168K, reserved 1048576K
Event: 7.357 GC heap after
Heap after GC invocations=8 (full 2):
 PSYoungGen      total 276992K, used 16380K [0x00000000e0000000, 0x00000000f3800000, 0x0000000100000000)
  eden space 260608K, 0% used [0x00000000e0000000,0x00000000e0000000,0x00000000efe80000)
  from space 16384K, 99% used [0x00000000f2800000,0x00000000f37ff010,0x00000000f3800000)
  to   space 20992K, 0% used [0x00000000f0f00000,0x00000000f0f00000,0x00000000f2380000)
 ParOldGen       total 221184K, used 26231K [0x00000000a0000000, 0x00000000ad800000, 0x00000000e0000000)
  object space 221184K, 11% used [0x00000000a0000000,0x00000000a199dd10,0x00000000ad800000)
 Metaspace       used 49932K, capacity 51686K, committed 51968K, reserved 1093632K
  class space    used 6685K, capacity 7133K, committed 7168K, reserved 1048576K
}
Event: 8.593 GC heap before
{Heap before GC invocations=9 (full 2):
 PSYoungGen      total 276992K, used 135708K [0x00000000e0000000, 0x00000000f3800000, 0x0000000100000000)
  eden space 260608K, 45% used [0x00000000e0000000,0x00000000e7488058,0x00000000efe80000)
  from space 16384K, 99% used [0x00000000f2800000,0x00000000f37ff010,0x00000000f3800000)
  to   space 20992K, 0% used [0x00000000f0f00000,0x00000000f0f00000,0x00000000f2380000)
 ParOldGen       total 221184K, used 26231K [0x00000000a0000000, 0x00000000ad800000, 0x00000000e0000000)
  object space 221184K, 11% used [0x00000000a0000000,0x00000000a199dd10,0x00000000ad800000)
 Metaspace       used 54719K, capacity 59002K, committed 59096K, reserved 1099776K
  class space    used 7472K, capacity 8673K, committed 8704K, reserved 1048576K
Event: 8.622 GC heap after
Heap after GC invocations=9 (full 2):
 PSYoungGen      total 298496K, used 20976K [0x00000000e0000000, 0x00000000fa480000, 0x0000000100000000)
  eden space 277504K, 0% used [0x00000000e0000000,0x00000000e0000000,0x00000000f0f00000)
  from space 20992K, 99% used [0x00000000f0f00000,0x00000000f237c070,0x00000000f2380000)
  to   space 33792K, 0% used [0x00000000f8380000,0x00000000f8380000,0x00000000fa480000)
 ParOldGen       total 221184K, used 45447K [0x00000000a0000000, 0x00000000ad800000, 0x00000000e0000000)
  object space 221184K, 20% used [0x00000000a0000000,0x00000000a2c61fc0,0x00000000ad800000)
 Metaspace       used 54719K, capacity 59002K, committed 59096K, reserved 1099776K
  class space    used 7472K, capacity 8673K, committed 8704K, reserved 1048576K
}
Event: 8.623 GC heap before
{Heap before GC invocations=10 (full 3):
 PSYoungGen      total 298496K, used 20976K [0x00000000e0000000, 0x00000000fa480000, 0x0000000100000000)
  eden space 277504K, 0% used [0x00000000e0000000,0x00000000e0000000,0x00000000f0f00000)
  from space 20992K, 99% used [0x00000000f0f00000,0x00000000f237c070,0x00000000f2380000)
  to   space 33792K, 0% used [0x00000000f8380000,0x00000000f8380000,0x00000000fa480000)
 ParOldGen       total 221184K, used 45447K [0x00000000a0000000, 0x00000000ad800000, 0x00000000e0000000)
  object space 221184K, 20% used [0x00000000a0000000,0x00000000a2c61fc0,0x00000000ad800000)
 Metaspace       used 54719K, capacity 59002K, committed 59096K, reserved 1099776K
  class space    used 7472K, capacity 8673K, committed 8704K, reserved 1048576K
Event: 8.896 GC heap after
Heap after GC invocations=10 (full 3):
 PSYoungGen      total 298496K, used 0K [0x00000000e0000000, 0x00000000fa480000, 0x0000000100000000)
  eden space 277504K, 0% used [0x00000000e0000000,0x00000000e0000000,0x00000000f0f00000)
  from space 20992K, 0% used [0x00000000f0f00000,0x00000000f0f00000,0x00000000f2380000)
  to   space 33792K, 0% used [0x00000000f8380000,0x00000000f8380000,0x00000000fa480000)
 ParOldGen       total 221184K, used 58179K [0x00000000a0000000, 0x00000000ad800000, 0x00000000e0000000)
  object space 221184K, 26% used [0x00000000a0000000,0x00000000a38d0fd0,0x00000000ad800000)
 Metaspace       used 54713K, capacity 58984K, committed 59096K, reserved 1099776K
  class space    used 7470K, capacity 8670K, committed 8704K, reserved 1048576K
}
Event: 10.913 GC heap before
{Heap before GC invocations=11 (full 3):
 PSYoungGen      total 298496K, used 277504K [0x00000000e0000000, 0x00000000fa480000, 0x0000000100000000)
  eden space 277504K, 100% used [0x00000000e0000000,0x00000000f0f00000,0x00000000f0f00000)
  from space 20992K, 0% used [0x00000000f0f00000,0x00000000f0f00000,0x00000000f2380000)
  to   space 33792K, 0% used [0x00000000f8380000,0x00000000f8380000,0x00000000fa480000)
 ParOldGen       total 221184K, used 58179K [0x00000000a0000000, 0x00000000ad800000, 0x00000000e0000000)
  object space 221184K, 26% used [0x00000000a0000000,0x00000000a38d0fd0,0x00000000ad800000)
 Metaspace       used 61354K, capacity 67872K, committed 67928K, reserved 1107968K
  class space    used 8545K, capacity 10323K, committed 10368K, reserved 1048576K
Event: 10.954 GC heap after
Heap after GC invocations=11 (full 3):
 PSYoungGen      total 385024K, used 33760K [0x00000000e0000000, 0x00000000fb380000, 0x0000000100000000)
  eden space 351232K, 0% used [0x00000000e0000000,0x00000000e0000000,0x00000000f5700000)
  from space 33792K, 99% used [0x00000000f8380000,0x00000000fa478020,0x00000000fa480000)
  to   space 45568K, 0% used [0x00000000f5700000,0x00000000f5700000,0x00000000f8380000)
 ParOldGen       total 221184K, used 73286K [0x00000000a0000000, 0x00000000ad800000, 0x00000000e0000000)
  object space 221184K, 33% used [0x00000000a0000000,0x00000000a4791978,0x00000000ad800000)
 Metaspace       used 61354K, capacity 67872K, committed 67928K, reserved 1107968K
  class space    used 8545K, capacity 10323K, committed 10368K, reserved 1048576K
}
Event: 13.455 GC heap before
{Heap before GC invocations=12 (full 3):
 PSYoungGen      total 385024K, used 384992K [0x00000000e0000000, 0x00000000fb380000, 0x0000000100000000)
  eden space 351232K, 100% used [0x00000000e0000000,0x00000000f5700000,0x00000000f5700000)
  from space 33792K, 99% used [0x00000000f8380000,0x00000000fa478020,0x00000000fa480000)
  to   space 45568K, 0% used [0x00000000f5700000,0x00000000f5700000,0x00000000f8380000)
 ParOldGen       total 221184K, used 73286K [0x00000000a0000000, 0x00000000ad800000, 0x00000000e0000000)
  object space 221184K, 33% used [0x00000000a0000000,0x00000000a4791978,0x00000000ad800000)
 Metaspace       used 71000K, capacity 78586K, committed 78808K, reserved 1116160K
  class space    used 9796K, capacity 11734K, committed 11776K, reserved 1048576K
Event: 13.519 GC heap after
Heap after GC invocations=12 (full 3):
 PSYoungGen      total 396800K, used 45544K [0x00000000e0000000, 0x00000000fb380000, 0x0000000100000000)
  eden space 351232K, 0% used [0x00000000e0000000,0x00000000e0000000,0x00000000f5700000)
  from space 45568K, 99% used [0x00000000f5700000,0x00000000f837a040,0x00000000f8380000)
  to   space 33792K, 0% used [0x00000000f8380000,0x00000000f8380000,0x00000000fa480000)
 ParOldGen       total 221184K, used 99944K [0x00000000a0000000, 0x00000000ad800000, 0x00000000e0000000)
  object space 221184K, 45% used [0x00000000a0000000,0x00000000a619a338,0x00000000ad800000)
 Metaspace       used 71000K, capacity 78586K, committed 78808K, reserved 1116160K
  class space    used 9796K, capacity 11734K, committed 11776K, reserved 1048576K
}

