# JRE version: OpenJDK Runtime Environment (8.0_212-b04) (build 1.8.0_212-release-1586-b04)
# Java VM: OpenJDK 64-Bit Server VM (25.212-b04 mixed mode windows-amd64 compressed oops)
Heap:
 PSYoungGen      total 421376K, used 193682K [0x00000000e0000000, 0x00000000fff00000, 0x0000000100000000)
  eden space 317952K, 60% used [0x00000000e0000000,0x00000000ebd24978,0x00000000f3680000)
  from space 103424K, 0% used [0x00000000f9a00000,0x00000000f9a00000,0x00000000fff00000)
  to   space 101888K, 0% used [0x00000000f3680000,0x00000000f3680000,0x00000000f9a00000)
 ParOldGen       total 642048K, used 146471K [0x00000000a0000000, 0x00000000c7300000, 0x00000000e0000000)
  object space 642048K, 22% used [0x00000000a0000000,0x00000000a8f09f80,0x00000000c7300000)
 Metaspace       used 82864K, capacity 90730K, committed 91392K, reserved 1128448K
  class space    used 10559K, capacity 12597K, committed 12800K, reserved 1048576K
GC Heap History (10 events):
Event: 3583.692 GC heap before
{Heap before GC invocations=25 (full 4):
 PSYoungGen      total 415232K, used 376864K [0x00000000e0000000, 0x0000000100000000, 0x0000000100000000)
  eden space 310784K, 100% used [0x00000000e0000000,0x00000000f2f80000,0x00000000f2f80000)
  from space 104448K, 63% used [0x00000000f9700000,0x00000000fd788030,0x00000000ffd00000)
  to   space 105984K, 0% used [0x00000000f2f80000,0x00000000f2f80000,0x00000000f9700000)
 ParOldGen       total 506880K, used 301678K [0x00000000a0000000, 0x00000000bef00000, 0x00000000e0000000)
  object space 506880K, 59% used [0x00000000a0000000,0x00000000b269bac8,0x00000000bef00000)
 Metaspace       used 82663K, capacity 90568K, committed 91136K, reserved 1128448K
  class space    used 10575K, capacity 12628K, committed 12800K, reserved 1048576K
Event: 3583.786 GC heap after
Heap after GC invocations=25 (full 4):
 PSYoungGen      total 347136K, used 35968K [0x00000000e0000000, 0x00000000ffa80000, 0x0000000100000000)
  eden space 310784K, 0% used [0x00000000e0000000,0x00000000e0000000,0x00000000f2f80000)
  from space 36352K, 98% used [0x00000000f2f80000,0x00000000f52a0000,0x00000000f5300000)
  to   space 102400K, 0% used [0x00000000f9680000,0x00000000f9680000,0x00000000ffa80000)
 ParOldGen       total 506880K, used 367115K [0x00000000a0000000, 0x00000000bef00000, 0x00000000e0000000)
  object space 506880K, 72% used [0x00000000a0000000,0x00000000b6682f30,0x00000000bef00000)
 Metaspace       used 82663K, capacity 90568K, committed 91136K, reserved 1128448K
  class space    used 10575K, capacity 12628K, committed 12800K, reserved 1048576K
}
Event: 3585.100 GC heap before
{Heap before GC invocations=26 (full 4):
 PSYoungGen      total 347136K, used 346752K [0x00000000e0000000, 0x00000000ffa80000, 0x0000000100000000)
  eden space 310784K, 100% used [0x00000000e0000000,0x00000000f2f80000,0x00000000f2f80000)
  from space 36352K, 98% used [0x00000000f2f80000,0x00000000f52a0000,0x00000000f5300000)
  to   space 102400K, 0% used [0x00000000f9680000,0x00000000f9680000,0x00000000ffa80000)
 ParOldGen       total 506880K, used 367115K [0x00000000a0000000, 0x00000000bef00000, 0x00000000e0000000)
  object space 506880K, 72% used [0x00000000a0000000,0x00000000b6682f30,0x00000000bef00000)
 Metaspace       used 82690K, capacity 90574K, committed 91136K, reserved 1128448K
  class space    used 10577K, capacity 12629K, committed 12800K, reserved 1048576K
Event: 3585.177 GC heap after
Heap after GC invocations=26 (full 4):
 PSYoungGen      total 418304K, used 29088K [0x00000000e0000000, 0x0000000100000000, 0x0000000100000000)
  eden space 315904K, 0% used [0x00000000e0000000,0x00000000e0000000,0x00000000f3480000)
  from space 102400K, 28% used [0x00000000f9680000,0x00000000fb2e8000,0x00000000ffa80000)
  to   space 100352K, 0% used [0x00000000f3480000,0x00000000f3480000,0x00000000f9680000)
 ParOldGen       total 506880K, used 398762K [0x00000000a0000000, 0x00000000bef00000, 0x00000000e0000000)
  object space 506880K, 78% used [0x00000000a0000000,0x00000000b856ab00,0x00000000bef00000)
 Metaspace       used 82690K, capacity 90574K, committed 91136K, reserved 1128448K
  class space    used 10577K, capacity 12629K, committed 12800K, reserved 1048576K
}
Event: 3606.518 GC heap before
{Heap before GC invocations=27 (full 4):
 PSYoungGen      total 418304K, used 344992K [0x00000000e0000000, 0x0000000100000000, 0x0000000100000000)
  eden space 315904K, 100% used [0x00000000e0000000,0x00000000f3480000,0x00000000f3480000)
  from space 102400K, 28% used [0x00000000f9680000,0x00000000fb2e8000,0x00000000ffa80000)
  to   space 100352K, 0% used [0x00000000f3480000,0x00000000f3480000,0x00000000f9680000)
 ParOldGen       total 506880K, used 398762K [0x00000000a0000000, 0x00000000bef00000, 0x00000000e0000000)
  object space 506880K, 78% used [0x00000000a0000000,0x00000000b856ab00,0x00000000bef00000)
 Metaspace       used 82893K, capacity 90818K, committed 91136K, reserved 1128448K
  class space    used 10587K, capacity 12642K, committed 12800K, reserved 1048576K
Event: 3606.679 GC heap after
Heap after GC invocations=27 (full 4):
 PSYoungGen      total 416256K, used 72288K [0x00000000e0000000, 0x0000000100000000, 0x0000000100000000)
  eden space 315904K, 0% used [0x00000000e0000000,0x00000000e0000000,0x00000000f3480000)
  from space 100352K, 72% used [0x00000000f3480000,0x00000000f7b18030,0x00000000f9680000)
  to   space 104448K, 0% used [0x00000000f9a00000,0x00000000f9a00000,0x0000000100000000)
 ParOldGen       total 506880K, used 426683K [0x00000000a0000000, 0x00000000bef00000, 0x00000000e0000000)
  object space 506880K, 84% used [0x00000000a0000000,0x00000000ba0aec10,0x00000000bef00000)
 Metaspace       used 82893K, capacity 90818K, committed 91136K, reserved 1128448K
  class space    used 10587K, capacity 12642K, committed 12800K, reserved 1048576K
}
Event: 3607.846 GC heap before
{Heap before GC invocations=28 (full 4):
 PSYoungGen      total 416256K, used 388192K [0x00000000e0000000, 0x0000000100000000, 0x0000000100000000)
  eden space 315904K, 100% used [0x00000000e0000000,0x00000000f3480000,0x00000000f3480000)
  from space 100352K, 72% used [0x00000000f3480000,0x00000000f7b18030,0x00000000f9680000)
  to   space 104448K, 0% used [0x00000000f9a00000,0x00000000f9a00000,0x0000000100000000)
 ParOldGen       total 506880K, used 426683K [0x00000000a0000000, 0x00000000bef00000, 0x00000000e0000000)
  object space 506880K, 84% used [0x00000000a0000000,0x00000000ba0aec10,0x00000000bef00000)
 Metaspace       used 82950K, capacity 90894K, committed 91392K, reserved 1128448K
  class space    used 10589K, capacity 12644K, committed 12800K, reserved 1048576K
Event: 3607.963 GC heap after
Heap after GC invocations=28 (full 4):
 PSYoungGen      total 421376K, used 31776K [0x00000000e0000000, 0x00000000fff00000, 0x0000000100000000)
  eden space 317952K, 0% used [0x00000000e0000000,0x00000000e0000000,0x00000000f3680000)
  from space 103424K, 30% used [0x00000000f9a00000,0x00000000fb908000,0x00000000fff00000)
  to   space 101888K, 0% used [0x00000000f3680000,0x00000000f3680000,0x00000000f9a00000)
 ParOldGen       total 506880K, used 498349K [0x00000000a0000000, 0x00000000bef00000, 0x00000000e0000000)
  object space 506880K, 98% used [0x00000000a0000000,0x00000000be6ab728,0x00000000bef00000)
 Metaspace       used 82950K, capacity 90894K, committed 91392K, reserved 1128448K
  class space    used 10589K, capacity 12644K, committed 12800K, reserved 1048576K
}
Event: 3607.963 GC heap before
{Heap before GC invocations=29 (full 5):
 PSYoungGen      total 421376K, used 31776K [0x00000000e0000000, 0x00000000fff00000, 0x0000000100000000)
  eden space 317952K, 0% used [0x00000000e0000000,0x00000000e0000000,0x00000000f3680000)
  from space 103424K, 30% used [0x00000000f9a00000,0x00000000fb908000,0x00000000fff00000)
  to   space 101888K, 0% used [0x00000000f3680000,0x00000000f3680000,0x00000000f9a00000)
 ParOldGen       total 506880K, used 498349K [0x00000000a0000000, 0x00000000bef00000, 0x00000000e0000000)
  object space 506880K, 98% used [0x00000000a0000000,0x00000000be6ab728,0x00000000bef00000)
 Metaspace       used 82950K, capacity 90894K, committed 91392K, reserved 1128448K
  class space    used 10589K, capacity 12644K, committed 12800K, reserved 1048576K
Event: 3608.637 GC heap after
Heap after GC invocations=29 (full 5):
 PSYoungGen      total 421376K, used 0K [0x00000000e0000000, 0x00000000fff00000, 0x0000000100000000)
  eden space 317952K, 0% used [0x00000000e0000000,0x00000000e0000000,0x00000000f3680000)
  from space 103424K, 0% used [0x00000000f9a00000,0x00000000f9a00000,0x00000000fff00000)
  to   space 101888K, 0% used [0x00000000f3680000,0x00000000f3680000,0x00000000f9a00000)
 ParOldGen       total 642048K, used 146471K [0x00000000a0000000, 0x00000000c7300000, 0x00000000e0000000)
  object space 642048K, 22% used [0x00000000a0000000,0x00000000a8f09f80,0x00000000c7300000)
 Metaspace       used 82838K, capacity 90666K, committed 91392K, reserved 1128448K
  class space    used 10558K, capacity 12597K, committed 12800K, reserved 1048576K
}

